0 info it worked if it ends with ok
1 verbose cli [ '/Users/zhangruiwu/.nvm/versions/node/v7.7.0/bin/node',
1 verbose cli   '/Users/zhangruiwu/.nvm/versions/node/v7.7.0/bin/npm',
1 verbose cli   'start' ]
2 info using npm@4.1.2
3 info using node@v7.7.0
4 verbose run-script [ 'prestart', 'start', 'poststart' ]
5 info lifecycle xiao555-blog@1.0.0~prestart: xiao555-blog@1.0.0
6 silly lifecycle xiao555-blog@1.0.0~prestart: no script for prestart, continuing
7 info lifecycle xiao555-blog@1.0.0~start: xiao555-blog@1.0.0
8 verbose lifecycle xiao555-blog@1.0.0~start: unsafe-perm in lifecycle true
9 verbose lifecycle xiao555-blog@1.0.0~start: PATH: /Users/zhangruiwu/.nvm/versions/node/v7.7.0/lib/node_modules/npm/bin/node-gyp-bin:/Users/zhangruiwu/Desktop/demo-learn/newBlog/service/node_modules/.bin:/Users/zhangruiwu/.nvm/versions/node/v7.7.0/bin:/usr/local/bin:/usr/bin:/bin:/usr/sbin:/sbin
10 verbose lifecycle xiao555-blog@1.0.0~start: CWD: /Users/zhangruiwu/Desktop/demo-learn/newBlog/service
11 silly lifecycle xiao555-blog@1.0.0~start: Args: [ '-c', 'node --harmony entry.js' ]
12 silly lifecycle xiao555-blog@1.0.0~start: Returned: code: 1  signal: null
13 info lifecycle xiao555-blog@1.0.0~start: Failed to exec start script
14 verbose stack Error: xiao555-blog@1.0.0 start: `node --harmony entry.js`
14 verbose stack Exit status 1
14 verbose stack     at EventEmitter.<anonymous> (/Users/zhangruiwu/.nvm/versions/node/v7.7.0/lib/node_modules/npm/lib/utils/lifecycle.js:279:16)
14 verbose stack     at emitTwo (events.js:106:13)
14 verbose stack     at EventEmitter.emit (events.js:194:7)
14 verbose stack     at ChildProcess.<anonymous> (/Users/zhangruiwu/.nvm/versions/node/v7.7.0/lib/node_modules/npm/lib/utils/spawn.js:40:14)
14 verbose stack     at emitTwo (events.js:106:13)
14 verbose stack     at ChildProcess.emit (events.js:194:7)
14 verbose stack     at maybeClose (internal/child_process.js:899:16)
14 verbose stack     at Process.ChildProcess._handle.onexit (internal/child_process.js:226:5)
15 verbose pkgid xiao555-blog@1.0.0
16 verbose cwd /Users/zhangruiwu/Desktop/demo-learn/newBlog/service
17 error Darwin 16.4.0
18 error argv "/Users/zhangruiwu/.nvm/versions/node/v7.7.0/bin/node" "/Users/zhangruiwu/.nvm/versions/node/v7.7.0/bin/npm" "start"
19 error node v7.7.0
20 error npm  v4.1.2
21 error code ELIFECYCLE
22 error xiao555-blog@1.0.0 start: `node --harmony entry.js`
22 error Exit status 1
23 error Failed at the xiao555-blog@1.0.0 start script 'node --harmony entry.js'.
23 error Make sure you have the latest version of node.js and npm installed.
23 error If you do, this is most likely a problem with the xiao555-blog package,
23 error not with npm itself.
23 error Tell the author that this fails on your system:
23 error     node --harmony entry.js
23 error You can get information on how to open an issue for this project with:
23 error     npm bugs xiao555-blog
23 error Or if that isn't available, you can get their info via:
23 error     npm owner ls xiao555-blog
23 error There is likely additional logging output above.
24 verbose exit [ 1, true ]
